

Started GET "/games" for 127.0.0.1 at 2012-08-24 20:29:01 -0400
Connecting to database specified by database.yml

ActionController::RoutingError (No route matches [GET] "/games"):
  actionpack (3.2.6) lib/action_dispatch/middleware/debug_exceptions.rb:21:in `call'
  actionpack (3.2.6) lib/action_dispatch/middleware/show_exceptions.rb:56:in `call'
  railties (3.2.6) lib/rails/rack/logger.rb:26:in `call_app'
  railties (3.2.6) lib/rails/rack/logger.rb:16:in `call'
  actionpack (3.2.6) lib/action_dispatch/middleware/request_id.rb:22:in `call'
  rack (1.4.1) lib/rack/methodoverride.rb:21:in `call'
  rack (1.4.1) lib/rack/runtime.rb:17:in `call'
  activesupport (3.2.6) lib/active_support/cache/strategy/local_cache.rb:72:in `call'
  rack (1.4.1) lib/rack/lock.rb:15:in `call'
  actionpack (3.2.6) lib/action_dispatch/middleware/static.rb:62:in `call'
  railties (3.2.6) lib/rails/engine.rb:479:in `call'
  railties (3.2.6) lib/rails/application.rb:220:in `call'
  rack (1.4.1) lib/rack/content_length.rb:14:in `call'
  railties (3.2.6) lib/rails/rack/log_tailer.rb:17:in `call'
  rack (1.4.1) lib/rack/handler/webrick.rb:59:in `service'
  /Users/cbordeleau/.rvm/rubies/ruby-1.9.3-p194/lib/ruby/1.9.1/webrick/httpserver.rb:138:in `service'
  /Users/cbordeleau/.rvm/rubies/ruby-1.9.3-p194/lib/ruby/1.9.1/webrick/httpserver.rb:94:in `run'
  /Users/cbordeleau/.rvm/rubies/ruby-1.9.3-p194/lib/ruby/1.9.1/webrick/server.rb:191:in `block in start_thread'


  Rendered /Users/cbordeleau/.rvm/gems/ruby-1.9.3-p194/gems/actionpack-3.2.6/lib/action_dispatch/middleware/templates/rescues/routing_error.erb within rescues/layout (4.2ms)


Started GET "/auth/facebook" for 127.0.0.1 at 2012-08-24 20:29:08 -0400
(facebook) Request phase initiated.


Started GET "/auth/facebook" for 127.0.0.1 at 2012-08-24 20:30:45 -0400
Connecting to database specified by database.yml
(facebook) Request phase initiated.


Started GET "/auth/facebook" for 127.0.0.1 at 2012-08-24 20:32:34 -0400
Connecting to database specified by database.yml
(facebook) Request phase initiated.


Started GET "/auth/facebook/callback?error_reason=user_denied&error=access_denied&error_description=The+user+denied+your+request.&state=adbd62d29a552beb63745eb50d3ee6e863bbf11ed3dc7885" for 127.0.0.1 at 2012-08-24 20:32:49 -0400
(facebook) Callback phase initiated.
(facebook) Authentication failure! invalid_credentials: OmniAuth::Strategies::OAuth2::CallbackError, OmniAuth::Strategies::OAuth2::CallbackError

OmniAuth::Strategies::OAuth2::CallbackError (OmniAuth::Strategies::OAuth2::CallbackError):
  omniauth-oauth2 (1.1.0) lib/omniauth/strategies/oauth2.rb:69:in `callback_phase'
  omniauth (1.1.1) lib/omniauth/strategy.rb:219:in `callback_call'
  omniauth (1.1.1) lib/omniauth/strategy.rb:175:in `call!'
  omniauth (1.1.1) lib/omniauth/strategy.rb:157:in `call'
  omniauth (1.1.1) lib/omniauth/builder.rb:48:in `call'
  actionpack (3.2.6) lib/action_dispatch/middleware/best_standards_support.rb:17:in `call'
  rack (1.4.1) lib/rack/etag.rb:23:in `call'
  rack (1.4.1) lib/rack/conditionalget.rb:25:in `call'
  actionpack (3.2.6) lib/action_dispatch/middleware/head.rb:14:in `call'
  actionpack (3.2.6) lib/action_dispatch/middleware/params_parser.rb:21:in `call'
  actionpack (3.2.6) lib/action_dispatch/middleware/flash.rb:242:in `call'
  rack (1.4.1) lib/rack/session/abstract/id.rb:205:in `context'
  rack (1.4.1) lib/rack/session/abstract/id.rb:200:in `call'
  actionpack (3.2.6) lib/action_dispatch/middleware/cookies.rb:338:in `call'
  activerecord (3.2.6) lib/active_record/query_cache.rb:64:in `call'
  activerecord (3.2.6) lib/active_record/connection_adapters/abstract/connection_pool.rb:473:in `call'
  actionpack (3.2.6) lib/action_dispatch/middleware/callbacks.rb:28:in `block in call'
  activesupport (3.2.6) lib/active_support/callbacks.rb:405:in `_run__2341275900268211212__call__3137553370693290823__callbacks'
  activesupport (3.2.6) lib/active_support/callbacks.rb:405:in `__run_callback'
  activesupport (3.2.6) lib/active_support/callbacks.rb:385:in `_run_call_callbacks'
  activesupport (3.2.6) lib/active_support/callbacks.rb:81:in `run_callbacks'
  actionpack (3.2.6) lib/action_dispatch/middleware/callbacks.rb:27:in `call'
  actionpack (3.2.6) lib/action_dispatch/middleware/reloader.rb:65:in `call'
  actionpack (3.2.6) lib/action_dispatch/middleware/remote_ip.rb:31:in `call'
  actionpack (3.2.6) lib/action_dispatch/middleware/debug_exceptions.rb:16:in `call'
  actionpack (3.2.6) lib/action_dispatch/middleware/show_exceptions.rb:56:in `call'
  railties (3.2.6) lib/rails/rack/logger.rb:26:in `call_app'
  railties (3.2.6) lib/rails/rack/logger.rb:16:in `call'
  actionpack (3.2.6) lib/action_dispatch/middleware/request_id.rb:22:in `call'
  rack (1.4.1) lib/rack/methodoverride.rb:21:in `call'
  rack (1.4.1) lib/rack/runtime.rb:17:in `call'
  activesupport (3.2.6) lib/active_support/cache/strategy/local_cache.rb:72:in `call'
  rack (1.4.1) lib/rack/lock.rb:15:in `call'
  actionpack (3.2.6) lib/action_dispatch/middleware/static.rb:62:in `call'
  railties (3.2.6) lib/rails/engine.rb:479:in `call'
  railties (3.2.6) lib/rails/application.rb:220:in `call'
  rack (1.4.1) lib/rack/content_length.rb:14:in `call'
  railties (3.2.6) lib/rails/rack/log_tailer.rb:17:in `call'
  rack (1.4.1) lib/rack/handler/webrick.rb:59:in `service'
  /Users/cbordeleau/.rvm/rubies/ruby-1.9.3-p194/lib/ruby/1.9.1/webrick/httpserver.rb:138:in `service'
  /Users/cbordeleau/.rvm/rubies/ruby-1.9.3-p194/lib/ruby/1.9.1/webrick/httpserver.rb:94:in `run'
  /Users/cbordeleau/.rvm/rubies/ruby-1.9.3-p194/lib/ruby/1.9.1/webrick/server.rb:191:in `block in start_thread'


  Rendered /Users/cbordeleau/.rvm/gems/ruby-1.9.3-p194/gems/actionpack-3.2.6/lib/action_dispatch/middleware/templates/rescues/_trace.erb (2.1ms)
  Rendered /Users/cbordeleau/.rvm/gems/ruby-1.9.3-p194/gems/actionpack-3.2.6/lib/action_dispatch/middleware/templates/rescues/_request_and_response.erb (1.1ms)
  Rendered /Users/cbordeleau/.rvm/gems/ruby-1.9.3-p194/gems/actionpack-3.2.6/lib/action_dispatch/middleware/templates/rescues/diagnostics.erb within rescues/layout (13.4ms)
Connecting to database specified by database.yml
Connecting to database specified by database.yml
  [1m[36m (0.2ms)[0m  [1mselect sqlite_version(*)[0m
  [1m[35m (1.6ms)[0m  CREATE TABLE "schema_migrations" ("version" varchar(255) NOT NULL) 
  [1m[36m (0.0ms)[0m  [1mPRAGMA index_list("schema_migrations")[0m
  [1m[35m (1.3ms)[0m  CREATE UNIQUE INDEX "unique_schema_migrations" ON "schema_migrations" ("version")
  [1m[36m (0.1ms)[0m  [1mSELECT "schema_migrations"."version" FROM "schema_migrations" [0m
Migrating to CreateUsers (20120825005543)
  [1m[35m (0.0ms)[0m  begin transaction
  [1m[36m (0.4ms)[0m  [1mCREATE TABLE "users" ("id" INTEGER PRIMARY KEY AUTOINCREMENT NOT NULL, "provider" varchar(255), "uid" varchar(255), "name" varchar(255), "email" varchar(255), "oauth_token" varchar(255), "oauth_expires_at" datetime, "created_at" datetime NOT NULL, "updated_at" datetime NOT NULL) [0m
  [1m[35m (0.1ms)[0m  INSERT INTO "schema_migrations" ("version") VALUES ('20120825005543')
  [1m[36m (1.4ms)[0m  [1mcommit transaction[0m
  [1m[35m (0.3ms)[0m  select sqlite_version(*)
  [1m[36m (0.1ms)[0m  [1mSELECT "schema_migrations"."version" FROM "schema_migrations" [0m
  [1m[35m (0.0ms)[0m  PRAGMA index_list("users")
Connecting to database specified by database.yml
Connecting to database specified by database.yml
  [1m[36m (0.1ms)[0m  [1mSELECT "schema_migrations"."version" FROM "schema_migrations" [0m
Migrating to CreateUsers (20120825005543)
Migrating to AddImageToUsers (20120825005720)
  [1m[35m (0.0ms)[0m  select sqlite_version(*)
  [1m[36m (0.0ms)[0m  [1mbegin transaction[0m
  [1m[35m (0.4ms)[0m  INSERT INTO "schema_migrations" ("version") VALUES ('20120825005720')
  [1m[36m (2.6ms)[0m  [1mcommit transaction[0m
  [1m[35m (0.3ms)[0m  select sqlite_version(*)
  [1m[36m (0.1ms)[0m  [1mSELECT "schema_migrations"."version" FROM "schema_migrations" [0m
  [1m[35m (0.0ms)[0m  PRAGMA index_list("users")
Connecting to database specified by database.yml
  [1m[36m (0.1ms)[0m  [1mSELECT "schema_migrations"."version" FROM "schema_migrations" [0m
Migrating to CreateUsers (20120825005543)
  [1m[35m (0.3ms)[0m  select sqlite_version(*)
  [1m[36m (0.1ms)[0m  [1mSELECT "schema_migrations"."version" FROM "schema_migrations" [0m
  [1m[35m (0.0ms)[0m  PRAGMA index_list("users")
Connecting to database specified by database.yml
  [1m[36m (0.1ms)[0m  [1mSELECT "schema_migrations"."version" FROM "schema_migrations" [0m
Migrating to CreateUsers (20120825005543)
  [1m[35m (0.2ms)[0m  select sqlite_version(*)
  [1m[36m (0.1ms)[0m  [1mSELECT "schema_migrations"."version" FROM "schema_migrations" [0m
  [1m[35m (0.0ms)[0m  PRAGMA index_list("users")
